2025-05-21 22:40:43,742 - INFO - Request: curl -X POST -H 'Accept: */*' -H 'Accept-Encoding: gzip, deflate' -H 'Connection: keep-alive' -H 'Content-Length: 101' -H 'Content-Type: application/x-www-form-urlencoded' -H 'User-Agent: python-requests/2.32.3' -d 'username=jamie96&password=floor%21dsgs3+&password_repeat=floor%21dsgs3+&email=xmartinez%40example.com' http://127.0.0.1:8000/auth/register/
2025-05-21 22:41:09,820 - INFO - Request: curl -X POST -H 'Accept: */*' -H 'Accept-Encoding: gzip, deflate' -H 'Connection: keep-alive' -H 'Content-Length: 105' -H 'Content-Type: application/x-www-form-urlencoded' -H 'User-Agent: python-requests/2.32.3' -d 'username=amberrichardson&password=win%21dsgs3+&password_repeat=win%21dsgs3+&email=brandon10%40example.net' http://127.0.0.1:8000/auth/register/
2025-05-21 22:41:09,820 - INFO - Response status code = '201', elapsed_time = '0:00:00.265183'
{
  "detail": "User registered"
}

2025-05-21 22:41:10,174 - INFO - Request: curl -X POST -H 'Accept: */*' -H 'Accept-Encoding: gzip, deflate' -H 'Connection: keep-alive' -H 'Content-Length: 46' -H 'Content-Type: application/x-www-form-urlencoded' -H 'User-Agent: python-requests/2.32.3' -d 'username=amberrichardson&password=win%21dsgs3+' http://127.0.0.1:8000/auth/login/
2025-05-21 22:41:10,174 - INFO - Response status code = '200', elapsed_time = '0:00:00.312090'
{
  "access_token": "eyJhbGciOiJSUzI1NiIsInR5cCI6IkpXVCJ9.eyJzdWIiOjEzLCJ1c2VybmFtZSI6ImFtYmVycmljaGFyZHNvbiIsImV4cCI6MTc0Nzg2MzY3MCwiaWF0IjoxNzQ3ODU2NDcwfQ.Mxf9Gw3O1uhTWVhRqHJ26MIjSV4PZPlytekvsjEISMBhdGnXv6Web03aUA8vpkhbcf7k_xVBy9RREXQ0zA3eVVfhzpr8CA0BJ5Ae_Dfk-ofB3fnUlrQPdBimVBouBRbnWYgzVmwzAhsqry9vgWvYXSDVxkcCr9dymuwQByrHNVajwpJpD2zc9u6bgYyB1fPWKcrZ5PxwlE3rH9ftjXpS67WvZJCfrADyjnkgVOapc5J6I3Rw7yy0BaAiBAN9knAx9fteRhvzf8wtk60GVz87s9o2CTS1U7Lxzt-hM4qenHbjPdv3zJKpgCKHGolvilXsx67dB6q0n5aJuzCC9s7ahQ",
  "token_type": "Bearer"
}

2025-05-21 22:41:10,181 - INFO - Request: curl -X GET -H 'Accept: */*' -H 'Accept-Encoding: gzip, deflate' -H 'Authorization: Bearer eyJhbGciOiJSUzI1NiIsInR5cCI6IkpXVCJ9.eyJzdWIiOjEzLCJ1c2VybmFtZSI6ImFtYmVycmljaGFyZHNvbiIsImV4cCI6MTc0Nzg2MzY3MCwiaWF0IjoxNzQ3ODU2NDcwfQ.Mxf9Gw3O1uhTWVhRqHJ26MIjSV4PZPlytekvsjEISMBhdGnXv6Web03aUA8vpkhbcf7k_xVBy9RREXQ0zA3eVVfhzpr8CA0BJ5Ae_Dfk-ofB3fnUlrQPdBimVBouBRbnWYgzVmwzAhsqry9vgWvYXSDVxkcCr9dymuwQByrHNVajwpJpD2zc9u6bgYyB1fPWKcrZ5PxwlE3rH9ftjXpS67WvZJCfrADyjnkgVOapc5J6I3Rw7yy0BaAiBAN9knAx9fteRhvzf8wtk60GVz87s9o2CTS1U7Lxzt-hM4qenHbjPdv3zJKpgCKHGolvilXsx67dB6q0n5aJuzCC9s7ahQ' -H 'Connection: keep-alive' -H 'User-Agent: python-requests/2.32.3' http://127.0.0.1:8000/users/me/
2025-05-21 22:41:10,181 - INFO - Response status code = '200', elapsed_time = '0:00:00.006065'
{
  "id": 13,
  "username": "amberrichardson",
  "email": "brandon10@example.net",
  "is_enabled": true
}

2025-05-21 22:41:10,227 - INFO - Request: curl -X POST -H 'Accept: */*' -H 'Accept-Encoding: gzip, deflate' -H 'Authorization: Bearer eyJhbGciOiJSUzI1NiIsInR5cCI6IkpXVCJ9.eyJzdWIiOjEzLCJ1c2VybmFtZSI6ImFtYmVycmljaGFyZHNvbiIsImV4cCI6MTc0Nzg2MzY3MCwiaWF0IjoxNzQ3ODU2NDcwfQ.Mxf9Gw3O1uhTWVhRqHJ26MIjSV4PZPlytekvsjEISMBhdGnXv6Web03aUA8vpkhbcf7k_xVBy9RREXQ0zA3eVVfhzpr8CA0BJ5Ae_Dfk-ofB3fnUlrQPdBimVBouBRbnWYgzVmwzAhsqry9vgWvYXSDVxkcCr9dymuwQByrHNVajwpJpD2zc9u6bgYyB1fPWKcrZ5PxwlE3rH9ftjXpS67WvZJCfrADyjnkgVOapc5J6I3Rw7yy0BaAiBAN9knAx9fteRhvzf8wtk60GVz87s9o2CTS1U7Lxzt-hM4qenHbjPdv3zJKpgCKHGolvilXsx67dB6q0n5aJuzCC9s7ahQ' -H 'Connection: keep-alive' -H 'Content-Length: 26' -H 'Content-Type: application/json' -H 'User-Agent: python-requests/2.32.3' -d '{"name": "Kimberly Lewis"}' http://127.0.0.1:8001/groups/
2025-05-21 22:41:10,227 - INFO - Response status code = '201', elapsed_time = '0:00:00.045386'
{
  "name": "Kimberly Lewis",
  "id": 4
}

2025-05-21 22:41:10,293 - INFO - Request: curl -X POST -H 'Accept: */*' -H 'Accept-Encoding: gzip, deflate' -H 'Authorization: Bearer eyJhbGciOiJSUzI1NiIsInR5cCI6IkpXVCJ9.eyJzdWIiOjEzLCJ1c2VybmFtZSI6ImFtYmVycmljaGFyZHNvbiIsImV4cCI6MTc0Nzg2MzY3MCwiaWF0IjoxNzQ3ODU2NDcwfQ.Mxf9Gw3O1uhTWVhRqHJ26MIjSV4PZPlytekvsjEISMBhdGnXv6Web03aUA8vpkhbcf7k_xVBy9RREXQ0zA3eVVfhzpr8CA0BJ5Ae_Dfk-ofB3fnUlrQPdBimVBouBRbnWYgzVmwzAhsqry9vgWvYXSDVxkcCr9dymuwQByrHNVajwpJpD2zc9u6bgYyB1fPWKcrZ5PxwlE3rH9ftjXpS67WvZJCfrADyjnkgVOapc5J6I3Rw7yy0BaAiBAN9knAx9fteRhvzf8wtk60GVz87s9o2CTS1U7Lxzt-hM4qenHbjPdv3zJKpgCKHGolvilXsx67dB6q0n5aJuzCC9s7ahQ' -H 'Connection: keep-alive' -H 'Content-Length: 139' -H 'Content-Type: application/json' -H 'User-Agent: python-requests/2.32.3' -d '{"first_name": "Donna", "last_name": "Miller", "email": "ycook@example.org", "degree": "Associate", "phone": "+78454939850", "group_id": 4}' http://127.0.0.1:8001/students/
2025-05-21 22:41:10,294 - INFO - Response status code = '201', elapsed_time = '0:00:00.019648'
{
  "first_name": "Donna",
  "last_name": "Miller",
  "email": "ycook@example.org",
  "degree": "Associate",
  "phone": "+78454939850",
  "group_id": 4,
  "id": 2
}

2025-05-21 23:15:53,159 - INFO - Request: curl -X POST -H 'Accept: */*' -H 'Accept-Encoding: gzip, deflate' -H 'Connection: keep-alive' -H 'Content-Length: 105' -H 'Content-Type: application/x-www-form-urlencoded' -H 'User-Agent: python-requests/2.32.3' -d 'username=wardmary&password=affect%21dsgs3+&password_repeat=affect%21dsgs3+&email=zdaugherty%40example.net' http://127.0.0.1:8000/auth/register/
2025-05-21 23:15:53,159 - INFO - Response status code = '201', elapsed_time = '0:00:00.266055'
{
  "detail": "User registered"
}

2025-05-21 23:15:53,517 - INFO - Request: curl -X POST -H 'Accept: */*' -H 'Accept-Encoding: gzip, deflate' -H 'Connection: keep-alive' -H 'Content-Length: 42' -H 'Content-Type: application/x-www-form-urlencoded' -H 'User-Agent: python-requests/2.32.3' -d 'username=wardmary&password=affect%21dsgs3+' http://127.0.0.1:8000/auth/login/
2025-05-21 23:15:53,517 - INFO - Response status code = '200', elapsed_time = '0:00:00.313076'
{
  "access_token": "eyJhbGciOiJSUzI1NiIsInR5cCI6IkpXVCJ9.eyJzdWIiOjE0LCJ1c2VybmFtZSI6IndhcmRtYXJ5IiwiZXhwIjoxNzQ3ODY1NzUzLCJpYXQiOjE3NDc4NTg1NTN9.W_rRV4W3p-AvUPumx88cJRTfcYt0hrhWOnKbRJnTECPweG-o8Pl6S-9mBF74ioZNU0zNVn86-m7_RF9CoPQqv1GEKhI-bZ2vbpFnRDQWdnHYh72hu3Bebc9rT-mo5jEPChXyEn0A9S_26HG49Zufg03dObOnKJytD0nWh8-zbBIXCDKR53AMJKo6QrQnczX9trcCeVGmJcq_a57EEG9lO2Ex_ey7TKGrfeBKl7U8HsQ0C8t1k0Kyu1_aFFBeY64nG5o6yf612SjlaR7SB6TjNvPYPxyWQLkG1co7ENmnilZkE5cNwE7RkBMoVYX5QdgeR28-8hmQqhhLHnMZ-0uXig",
  "token_type": "Bearer"
}

2025-05-21 23:17:41,562 - INFO - Request: curl -X POST -H 'Accept: */*' -H 'Accept-Encoding: gzip, deflate' -H 'Connection: keep-alive' -H 'Content-Length: 108' -H 'Content-Type: application/x-www-form-urlencoded' -H 'User-Agent: python-requests/2.32.3' -d 'username=smitherica&password=matter%21dsgs3+&password_repeat=matter%21dsgs3+&email=martinclark%40example.com' http://127.0.0.1:8000/auth/register/
2025-05-21 23:17:41,562 - INFO - Response status code = '201', elapsed_time = '0:00:00.264489'
{
  "detail": "User registered"
}

2025-05-21 23:17:41,909 - INFO - Request: curl -X POST -H 'Accept: */*' -H 'Accept-Encoding: gzip, deflate' -H 'Connection: keep-alive' -H 'Content-Length: 44' -H 'Content-Type: application/x-www-form-urlencoded' -H 'User-Agent: python-requests/2.32.3' -d 'username=smitherica&password=matter%21dsgs3+' http://127.0.0.1:8000/auth/login/
2025-05-21 23:17:41,909 - INFO - Response status code = '200', elapsed_time = '0:00:00.302295'
{
  "access_token": "eyJhbGciOiJSUzI1NiIsInR5cCI6IkpXVCJ9.eyJzdWIiOjE1LCJ1c2VybmFtZSI6InNtaXRoZXJpY2EiLCJleHAiOjE3NDc4NjU4NjEsImlhdCI6MTc0Nzg1ODY2MX0.lahF0f0br_lEdLIRPs46-x6TO6NNEs1YKXDFRMO44KN7AuEj3IcfWSdJDgLWEqrhMu4baJ1p7-bUlLz2pXW82z--wBJhz6R-H-sxr_o4S_yh-zS1yvmtRsyZ6oroQNTMSwWOQvbAwBGqeOiFH0-dopwpYsNiu2MJlF6eR7xqYWE3RCNJJs7Rk7wYlIJlj051gIimm2Heue15x0DehSuCQXNsfLUXHUH2QaGBcYqpdNaSKMc7EPZCRiW0l61DzIrll-7uJ8hqEmb-A9IHnMD6A1NS5riFFHc2eIilg76o_uMzJ_iYMCGDozWNgFE7zngaCSJN9zLVkMg5COf_VNIYpQ",
  "token_type": "Bearer"
}

2025-05-21 23:20:20,594 - INFO - Request: curl -X POST -H 'Accept: */*' -H 'Accept-Encoding: gzip, deflate' -H 'Connection: keep-alive' -H 'Content-Length: 98' -H 'Content-Type: application/x-www-form-urlencoded' -H 'User-Agent: python-requests/2.32.3' -d 'username=kcopeland&password=do%21dsgs3+&password_repeat=do%21dsgs3+&email=cowanmegan%40example.org' http://127.0.0.1:8000/auth/register/
2025-05-21 23:20:20,595 - INFO - Response status code = '201', elapsed_time = '0:00:00.264820'
{
  "detail": "User registered"
}

2025-05-21 23:20:20,943 - INFO - Request: curl -X POST -H 'Accept: */*' -H 'Accept-Encoding: gzip, deflate' -H 'Connection: keep-alive' -H 'Content-Length: 39' -H 'Content-Type: application/x-www-form-urlencoded' -H 'User-Agent: python-requests/2.32.3' -d 'username=kcopeland&password=do%21dsgs3+' http://127.0.0.1:8000/auth/login/
2025-05-21 23:20:20,944 - INFO - Response status code = '200', elapsed_time = '0:00:00.303095'
{
  "access_token": "eyJhbGciOiJSUzI1NiIsInR5cCI6IkpXVCJ9.eyJzdWIiOjE2LCJ1c2VybmFtZSI6Imtjb3BlbGFuZCIsImV4cCI6MTc0Nzg2NjAyMCwiaWF0IjoxNzQ3ODU4ODIwfQ.lWTdhXUWOQt1OstKoyrO4KCqMKF3ztFlwCRUaOhSRh16B6l0MQGKiDGA_jUmM5QL3-CsXIbFEXZFZ6PL8QxRX2OBl5h-_b9M4niq71KSzgMYrEy7rKPGt9eiaC1SRSU3fGMb8TnMDwpwzI2UJfdAbRPUPnL5CZZal-AuLgUFM8CIQwg2NGgxyHbG_SURq3EUOdzijYK-08A5jxUY_3XuGoQPzT1jgZZumPqxuPYjKc-KfiAGB19eZTeW5-l6qWRuH2oahXzmL3hT9iaqRdx1RnunDf5LsdZUZJy54iUekbcOJcEp0tm_L_ZfbskfpqrcduBntve7iRmkA-man30NQw",
  "token_type": "Bearer"
}

2025-05-21 23:20:20,949 - INFO - Request: curl -X GET -H 'Accept: */*' -H 'Accept-Encoding: gzip, deflate' -H 'Authorization: Bearer eyJhbGciOiJSUzI1NiIsInR5cCI6IkpXVCJ9.eyJzdWIiOjE2LCJ1c2VybmFtZSI6Imtjb3BlbGFuZCIsImV4cCI6MTc0Nzg2NjAyMCwiaWF0IjoxNzQ3ODU4ODIwfQ.lWTdhXUWOQt1OstKoyrO4KCqMKF3ztFlwCRUaOhSRh16B6l0MQGKiDGA_jUmM5QL3-CsXIbFEXZFZ6PL8QxRX2OBl5h-_b9M4niq71KSzgMYrEy7rKPGt9eiaC1SRSU3fGMb8TnMDwpwzI2UJfdAbRPUPnL5CZZal-AuLgUFM8CIQwg2NGgxyHbG_SURq3EUOdzijYK-08A5jxUY_3XuGoQPzT1jgZZumPqxuPYjKc-KfiAGB19eZTeW5-l6qWRuH2oahXzmL3hT9iaqRdx1RnunDf5LsdZUZJy54iUekbcOJcEp0tm_L_ZfbskfpqrcduBntve7iRmkA-man30NQw' -H 'Connection: keep-alive' -H 'User-Agent: python-requests/2.32.3' http://127.0.0.1:8000/users/me/
2025-05-21 23:20:20,949 - INFO - Response status code = '200', elapsed_time = '0:00:00.004744'
{
  "id": 16,
  "username": "kcopeland",
  "email": "cowanmegan@example.org",
  "is_enabled": true
}

2025-05-21 23:20:20,960 - INFO - Request: curl -X POST -H 'Accept: */*' -H 'Accept-Encoding: gzip, deflate' -H 'Authorization: Bearer eyJhbGciOiJSUzI1NiIsInR5cCI6IkpXVCJ9.eyJzdWIiOjE2LCJ1c2VybmFtZSI6Imtjb3BlbGFuZCIsImV4cCI6MTc0Nzg2NjAyMCwiaWF0IjoxNzQ3ODU4ODIwfQ.lWTdhXUWOQt1OstKoyrO4KCqMKF3ztFlwCRUaOhSRh16B6l0MQGKiDGA_jUmM5QL3-CsXIbFEXZFZ6PL8QxRX2OBl5h-_b9M4niq71KSzgMYrEy7rKPGt9eiaC1SRSU3fGMb8TnMDwpwzI2UJfdAbRPUPnL5CZZal-AuLgUFM8CIQwg2NGgxyHbG_SURq3EUOdzijYK-08A5jxUY_3XuGoQPzT1jgZZumPqxuPYjKc-KfiAGB19eZTeW5-l6qWRuH2oahXzmL3hT9iaqRdx1RnunDf5LsdZUZJy54iUekbcOJcEp0tm_L_ZfbskfpqrcduBntve7iRmkA-man30NQw' -H 'Connection: keep-alive' -H 'Content-Length: 29' -H 'Content-Type: application/json' -H 'User-Agent: python-requests/2.32.3' -d '{"name": "Christopher Adams"}' http://127.0.0.1:8001/groups/
2025-05-21 23:20:20,960 - INFO - Response status code = '201', elapsed_time = '0:00:00.010531'
{
  "name": "Christopher Adams",
  "id": 5
}

2025-05-21 23:20:21,013 - INFO - Request: curl -X POST -H 'Accept: */*' -H 'Accept-Encoding: gzip, deflate' -H 'Authorization: Bearer eyJhbGciOiJSUzI1NiIsInR5cCI6IkpXVCJ9.eyJzdWIiOjE2LCJ1c2VybmFtZSI6Imtjb3BlbGFuZCIsImV4cCI6MTc0Nzg2NjAyMCwiaWF0IjoxNzQ3ODU4ODIwfQ.lWTdhXUWOQt1OstKoyrO4KCqMKF3ztFlwCRUaOhSRh16B6l0MQGKiDGA_jUmM5QL3-CsXIbFEXZFZ6PL8QxRX2OBl5h-_b9M4niq71KSzgMYrEy7rKPGt9eiaC1SRSU3fGMb8TnMDwpwzI2UJfdAbRPUPnL5CZZal-AuLgUFM8CIQwg2NGgxyHbG_SURq3EUOdzijYK-08A5jxUY_3XuGoQPzT1jgZZumPqxuPYjKc-KfiAGB19eZTeW5-l6qWRuH2oahXzmL3hT9iaqRdx1RnunDf5LsdZUZJy54iUekbcOJcEp0tm_L_ZfbskfpqrcduBntve7iRmkA-man30NQw' -H 'Connection: keep-alive' -H 'Content-Length: 147' -H 'Content-Type: application/json' -H 'User-Agent: python-requests/2.32.3' -d '{"first_name": "Courtney", "last_name": "Martinez", "email": "hallmandy@example.org", "degree": "Bachelor", "phone": "+71371437801", "group_id": 5}' http://127.0.0.1:8001/students/
2025-05-21 23:20:21,014 - INFO - Response status code = '201', elapsed_time = '0:00:00.010327'
{
  "first_name": "Courtney",
  "last_name": "Martinez",
  "email": "hallmandy@example.org",
  "degree": "Bachelor",
  "phone": "+71371437801",
  "group_id": 5,
  "id": 3
}

